24-09-20 07:58:00.255 [cluster-ClusterId{value='66ed634708b4314d91bbff9e', description='Journal'}-journal-shard-00-02.ltwg8.mongodb.net:27017] INFO  org.mongodb.driver.cluster -- Monitor thread successfully connected to server with description ServerDescription{address=journal-shard-00-02.ltwg8.mongodb.net:27017, type=REPLICA_SET_PRIMARY, state=CONNECTED, ok=true, minWireVersion=0, maxWireVersion=21, maxDocumentSize=16777216, logicalSessionTimeoutMinutes=30, roundTripTimeNanos=385054400, setName='atlas-13wvc5-shard-0', canonicalAddress=journal-shard-00-02.ltwg8.mongodb.net:27017, hosts=[journal-shard-00-02.ltwg8.mongodb.net:27017, journal-shard-00-00.ltwg8.mongodb.net:27017, journal-shard-00-01.ltwg8.mongodb.net:27017], passives=[], arbiters=[], primary='journal-shard-00-02.ltwg8.mongodb.net:27017', tagSet=TagSet{[Tag{name='availabilityZone', value='usw2-az3'}, Tag{name='diskState', value='READY'}, Tag{name='nodeType', value='ELECTABLE'}, Tag{name='provider', value='AWS'}, Tag{name='region', value='US_WEST_2'}, Tag{name='workloadType', value='OPERATIONAL'}]}, electionId=7fffffff000000000000010a, setVersion=15, topologyVersion=TopologyVersion{processId=66d8ed15b24881880988d454, counter=6}, lastWriteDate=Fri Sep 20 07:58:00 EDT 2024, lastUpdateTimeNanos=738309657566500}  
24-09-20 07:58:00.255 [cluster-ClusterId{value='66ed634708b4314d91bbff9e', description='Journal'}-journal-shard-00-01.ltwg8.mongodb.net:27017] INFO  org.mongodb.driver.cluster -- Monitor thread successfully connected to server with description ServerDescription{address=journal-shard-00-01.ltwg8.mongodb.net:27017, type=REPLICA_SET_SECONDARY, state=CONNECTED, ok=true, minWireVersion=0, maxWireVersion=21, maxDocumentSize=16777216, logicalSessionTimeoutMinutes=30, roundTripTimeNanos=385118400, setName='atlas-13wvc5-shard-0', canonicalAddress=journal-shard-00-01.ltwg8.mongodb.net:27017, hosts=[journal-shard-00-02.ltwg8.mongodb.net:27017, journal-shard-00-00.ltwg8.mongodb.net:27017, journal-shard-00-01.ltwg8.mongodb.net:27017], passives=[], arbiters=[], primary='journal-shard-00-02.ltwg8.mongodb.net:27017', tagSet=TagSet{[Tag{name='availabilityZone', value='usw2-az2'}, Tag{name='diskState', value='READY'}, Tag{name='nodeType', value='ELECTABLE'}, Tag{name='provider', value='AWS'}, Tag{name='region', value='US_WEST_2'}, Tag{name='workloadType', value='OPERATIONAL'}]}, electionId=null, setVersion=15, topologyVersion=TopologyVersion{processId=66d8ef43c7e603500e446e1d, counter=3}, lastWriteDate=Fri Sep 20 07:58:00 EDT 2024, lastUpdateTimeNanos=738309657566500}  
24-09-20 07:58:00.255 [cluster-ClusterId{value='66ed634708b4314d91bbff9e', description='Journal'}-journal-shard-00-00.ltwg8.mongodb.net:27017] INFO  org.mongodb.driver.cluster -- Monitor thread successfully connected to server with description ServerDescription{address=journal-shard-00-00.ltwg8.mongodb.net:27017, type=REPLICA_SET_SECONDARY, state=CONNECTED, ok=true, minWireVersion=0, maxWireVersion=21, maxDocumentSize=16777216, logicalSessionTimeoutMinutes=30, roundTripTimeNanos=383029800, setName='atlas-13wvc5-shard-0', canonicalAddress=journal-shard-00-00.ltwg8.mongodb.net:27017, hosts=[journal-shard-00-02.ltwg8.mongodb.net:27017, journal-shard-00-00.ltwg8.mongodb.net:27017, journal-shard-00-01.ltwg8.mongodb.net:27017], passives=[], arbiters=[], primary='journal-shard-00-02.ltwg8.mongodb.net:27017', tagSet=TagSet{[Tag{name='availabilityZone', value='usw2-az1'}, Tag{name='diskState', value='READY'}, Tag{name='nodeType', value='ELECTABLE'}, Tag{name='provider', value='AWS'}, Tag{name='region', value='US_WEST_2'}, Tag{name='workloadType', value='OPERATIONAL'}]}, electionId=null, setVersion=15, topologyVersion=TopologyVersion{processId=66d8ee1c1c32807ba6c64614, counter=4}, lastWriteDate=Fri Sep 20 07:58:00 EDT 2024, lastUpdateTimeNanos=738309657642100}  
24-09-20 07:58:00.262 [cluster-ClusterId{value='66ed634708b4314d91bbff9e', description='Journal'}-journal-shard-00-02.ltwg8.mongodb.net:27017] INFO  org.mongodb.driver.cluster -- Discovered replica set primary journal-shard-00-02.ltwg8.mongodb.net:27017 with max election id 7fffffff000000000000010a and max set version 15  
24-09-20 07:58:01.585 [main] INFO  o.s.s.web.DefaultSecurityFilterChain -- Will secure any request with [org.springframework.security.web.session.DisableEncodeUrlFilter@e993715, org.springframework.security.web.context.request.async.WebAsyncManagerIntegrationFilter@686e7513, org.springframework.security.web.context.SecurityContextHolderFilter@4449b273, org.springframework.security.web.header.HeaderWriterFilter@79445efb, org.springframework.security.web.authentication.logout.LogoutFilter@160546b1, org.springframework.security.web.authentication.www.BasicAuthenticationFilter@69c1ea07, org.springframework.security.web.savedrequest.RequestCacheAwareFilter@1d9bd1d6, org.springframework.security.web.servletapi.SecurityContextHolderAwareRequestFilter@2739ecc0, org.springframework.security.web.authentication.AnonymousAuthenticationFilter@47eae91d, org.springframework.security.web.access.ExceptionTranslationFilter@1d06801f, org.springframework.security.web.access.intercept.AuthorizationFilter@23708f14]  
24-09-20 07:58:02.045 [main] INFO  c.B.j.Scheduler.UserSchedulerTest -- Started UserSchedulerTest in 4.03 seconds (process running for 5.435)  
24-09-20 07:58:02.081 [main] WARN  o.s.test.context.TestContextManager -- Caught exception while allowing TestExecutionListener [org.springframework.test.context.support.DependencyInjectionTestExecutionListener] to prepare test instance [com.Badhwar.journalApp.Scheduler.UserSchedulerTest@ef85567]  
org.springframework.beans.factory.UnsatisfiedDependencyException: Error creating bean with name 'com.Badhwar.journalApp.Scheduler.UserSchedulerTest': Unsatisfied dependency expressed through field 'userScheduler': Error creating bean with name 'userScheduler': Singleton bean creation not allowed while singletons of this factory are in destruction (Do not request a bean from a BeanFactory in a destroy method implementation!)
	at org.springframework.beans.factory.annotation.AutowiredAnnotationBeanPostProcessor$AutowiredFieldElement.resolveFieldValue(AutowiredAnnotationBeanPostProcessor.java:788)
	at org.springframework.beans.factory.annotation.AutowiredAnnotationBeanPostProcessor$AutowiredFieldElement.inject(AutowiredAnnotationBeanPostProcessor.java:768)
	at org.springframework.beans.factory.annotation.InjectionMetadata.inject(InjectionMetadata.java:145)
	at org.springframework.beans.factory.annotation.AutowiredAnnotationBeanPostProcessor.postProcessProperties(AutowiredAnnotationBeanPostProcessor.java:509)
	at org.springframework.beans.factory.support.AbstractAutowireCapableBeanFactory.populateBean(AbstractAutowireCapableBeanFactory.java:1439)
	at org.springframework.beans.factory.support.AbstractAutowireCapableBeanFactory.autowireBeanProperties(AbstractAutowireCapableBeanFactory.java:398)
	at org.springframework.test.context.support.DependencyInjectionTestExecutionListener.injectDependencies(DependencyInjectionTestExecutionListener.java:143)
	at org.springframework.test.context.support.DependencyInjectionTestExecutionListener.prepareTestInstance(DependencyInjectionTestExecutionListener.java:98)
	at org.springframework.test.context.TestContextManager.prepareTestInstance(TestContextManager.java:260)
	at org.springframework.test.context.junit.jupiter.SpringExtension.postProcessTestInstance(SpringExtension.java:163)
	at org.junit.jupiter.engine.descriptor.ClassBasedTestDescriptor.lambda$invokeTestInstancePostProcessors$10(ClassBasedTestDescriptor.java:378)
	at org.junit.jupiter.engine.descriptor.ClassBasedTestDescriptor.executeAndMaskThrowable(ClassBasedTestDescriptor.java:383)
	at org.junit.jupiter.engine.descriptor.ClassBasedTestDescriptor.lambda$invokeTestInstancePostProcessors$11(ClassBasedTestDescriptor.java:378)
	at java.base/java.util.stream.ReferencePipeline$3$1.accept(ReferencePipeline.java:197)
	at java.base/java.util.stream.ReferencePipeline$2$1.accept(ReferencePipeline.java:179)
	at java.base/java.util.ArrayList$ArrayListSpliterator.forEachRemaining(ArrayList.java:1708)
	at java.base/java.util.stream.AbstractPipeline.copyInto(AbstractPipeline.java:509)
	at java.base/java.util.stream.AbstractPipeline.wrapAndCopyInto(AbstractPipeline.java:499)
	at java.base/java.util.stream.StreamSpliterators$WrappingSpliterator.forEachRemaining(StreamSpliterators.java:310)
	at java.base/java.util.stream.Streams$ConcatSpliterator.forEachRemaining(Streams.java:735)
	at java.base/java.util.stream.Streams$ConcatSpliterator.forEachRemaining(Streams.java:734)
	at java.base/java.util.stream.ReferencePipeline$Head.forEach(ReferencePipeline.java:762)
	at org.junit.jupiter.engine.descriptor.ClassBasedTestDescriptor.invokeTestInstancePostProcessors(ClassBasedTestDescriptor.java:377)
	at org.junit.jupiter.engine.descriptor.ClassBasedTestDescriptor.lambda$instantiateAndPostProcessTestInstance$6(ClassBasedTestDescriptor.java:290)
	at org.junit.platform.engine.support.hierarchical.ThrowableCollector.execute(ThrowableCollector.java:73)
	at org.junit.jupiter.engine.descriptor.ClassBasedTestDescriptor.instantiateAndPostProcessTestInstance(ClassBasedTestDescriptor.java:289)
	at org.junit.jupiter.engine.descriptor.ClassBasedTestDescriptor.lambda$testInstancesProvider$4(ClassBasedTestDescriptor.java:279)
	at java.base/java.util.Optional.orElseGet(Optional.java:364)
	at org.junit.jupiter.engine.descriptor.ClassBasedTestDescriptor.lambda$testInstancesProvider$5(ClassBasedTestDescriptor.java:278)
	at org.junit.jupiter.engine.execution.TestInstancesProvider.getTestInstances(TestInstancesProvider.java:31)
	at org.junit.jupiter.engine.descriptor.TestMethodTestDescriptor.lambda$prepare$0(TestMethodTestDescriptor.java:106)
	at org.junit.platform.engine.support.hierarchical.ThrowableCollector.execute(ThrowableCollector.java:73)
	at org.junit.jupiter.engine.descriptor.TestMethodTestDescriptor.prepare(TestMethodTestDescriptor.java:105)
	at org.junit.jupiter.engine.descriptor.TestMethodTestDescriptor.prepare(TestMethodTestDescriptor.java:69)
	at org.junit.platform.engine.support.hierarchical.NodeTestTask.lambda$prepare$2(NodeTestTask.java:123)
	at org.junit.platform.engine.support.hierarchical.ThrowableCollector.execute(ThrowableCollector.java:73)
	at org.junit.platform.engine.support.hierarchical.NodeTestTask.prepare(NodeTestTask.java:123)
	at org.junit.platform.engine.support.hierarchical.NodeTestTask.execute(NodeTestTask.java:90)
	at java.base/java.util.ArrayList.forEach(ArrayList.java:1596)
	at org.junit.platform.engine.support.hierarchical.SameThreadHierarchicalTestExecutorService.invokeAll(SameThreadHierarchicalTestExecutorService.java:41)
	at org.junit.platform.engine.support.hierarchical.NodeTestTask.lambda$executeRecursively$6(NodeTestTask.java:155)
	at org.junit.platform.engine.support.hierarchical.ThrowableCollector.execute(ThrowableCollector.java:73)
	at org.junit.platform.engine.support.hierarchical.NodeTestTask.lambda$executeRecursively$8(NodeTestTask.java:141)
	at org.junit.platform.engine.support.hierarchical.Node.around(Node.java:137)
	at org.junit.platform.engine.support.hierarchical.NodeTestTask.lambda$executeRecursively$9(NodeTestTask.java:139)
	at org.junit.platform.engine.support.hierarchical.ThrowableCollector.execute(ThrowableCollector.java:73)
	at org.junit.platform.engine.support.hierarchical.NodeTestTask.executeRecursively(NodeTestTask.java:138)
	at org.junit.platform.engine.support.hierarchical.NodeTestTask.execute(NodeTestTask.java:95)
	at java.base/java.util.ArrayList.forEach(ArrayList.java:1596)
	at org.junit.platform.engine.support.hierarchical.SameThreadHierarchicalTestExecutorService.invokeAll(SameThreadHierarchicalTestExecutorService.java:41)
	at org.junit.platform.engine.support.hierarchical.NodeTestTask.lambda$executeRecursively$6(NodeTestTask.java:155)
	at org.junit.platform.engine.support.hierarchical.ThrowableCollector.execute(ThrowableCollector.java:73)
	at org.junit.platform.engine.support.hierarchical.NodeTestTask.lambda$executeRecursively$8(NodeTestTask.java:141)
	at org.junit.platform.engine.support.hierarchical.Node.around(Node.java:137)
	at org.junit.platform.engine.support.hierarchical.NodeTestTask.lambda$executeRecursively$9(NodeTestTask.java:139)
	at org.junit.platform.engine.support.hierarchical.ThrowableCollector.execute(ThrowableCollector.java:73)
	at org.junit.platform.engine.support.hierarchical.NodeTestTask.executeRecursively(NodeTestTask.java:138)
	at org.junit.platform.engine.support.hierarchical.NodeTestTask.execute(NodeTestTask.java:95)
	at org.junit.platform.engine.support.hierarchical.SameThreadHierarchicalTestExecutorService.submit(SameThreadHierarchicalTestExecutorService.java:35)
	at org.junit.platform.engine.support.hierarchical.HierarchicalTestExecutor.execute(HierarchicalTestExecutor.java:57)
	at org.junit.platform.engine.support.hierarchical.HierarchicalTestEngine.execute(HierarchicalTestEngine.java:54)
	at org.junit.platform.launcher.core.EngineExecutionOrchestrator.execute(EngineExecutionOrchestrator.java:198)
	at org.junit.platform.launcher.core.EngineExecutionOrchestrator.execute(EngineExecutionOrchestrator.java:169)
	at org.junit.platform.launcher.core.EngineExecutionOrchestrator.execute(EngineExecutionOrchestrator.java:93)
	at org.junit.platform.launcher.core.EngineExecutionOrchestrator.lambda$execute$0(EngineExecutionOrchestrator.java:58)
	at org.junit.platform.launcher.core.EngineExecutionOrchestrator.withInterceptedStreams(EngineExecutionOrchestrator.java:141)
	at org.junit.platform.launcher.core.EngineExecutionOrchestrator.execute(EngineExecutionOrchestrator.java:57)
	at org.junit.platform.launcher.core.DefaultLauncher.execute(DefaultLauncher.java:103)
	at org.junit.platform.launcher.core.DefaultLauncher.execute(DefaultLauncher.java:85)
	at org.junit.platform.launcher.core.DelegatingLauncher.execute(DelegatingLauncher.java:47)
	at org.junit.platform.launcher.core.SessionPerRequestLauncher.execute(SessionPerRequestLauncher.java:63)
	at com.intellij.junit5.JUnit5IdeaTestRunner.startRunnerWithArgs(JUnit5IdeaTestRunner.java:57)
	at com.intellij.rt.junit.IdeaTestRunner$Repeater$1.execute(IdeaTestRunner.java:38)
	at com.intellij.rt.execution.junit.TestsRepeater.repeat(TestsRepeater.java:11)
	at com.intellij.rt.junit.IdeaTestRunner$Repeater.startRunnerWithArgs(IdeaTestRunner.java:35)
	at com.intellij.rt.junit.JUnitStarter.prepareStreamsAndStart(JUnitStarter.java:232)
	at com.intellij.rt.junit.JUnitStarter.main(JUnitStarter.java:55)
Caused by: org.springframework.beans.factory.BeanCreationNotAllowedException: Error creating bean with name 'userScheduler': Singleton bean creation not allowed while singletons of this factory are in destruction (Do not request a bean from a BeanFactory in a destroy method implementation!)
	at org.springframework.beans.factory.support.DefaultSingletonBeanRegistry.getSingleton(DefaultSingletonBeanRegistry.java:220)
	at org.springframework.beans.factory.support.AbstractBeanFactory.doGetBean(AbstractBeanFactory.java:335)
	at org.springframework.beans.factory.support.AbstractBeanFactory.getBean(AbstractBeanFactory.java:200)
	at org.springframework.beans.factory.config.DependencyDescriptor.resolveCandidate(DependencyDescriptor.java:254)
	at org.springframework.beans.factory.support.DefaultListableBeanFactory.doResolveDependency(DefaultListableBeanFactory.java:1443)
	at org.springframework.beans.factory.support.DefaultListableBeanFactory.resolveDependency(DefaultListableBeanFactory.java:1353)
	at org.springframework.beans.factory.annotation.AutowiredAnnotationBeanPostProcessor$AutowiredFieldElement.resolveFieldValue(AutowiredAnnotationBeanPostProcessor.java:785)
	... 76 common frames omitted
24-09-20 07:58:03.856 [main] INFO  o.s.t.c.s.AnnotationConfigContextLoaderUtils -- Could not detect default configuration classes for test class [com.Badhwar.journalApp.Scheduler.UserSchedulerTest]: UserSchedulerTest does not declare any static, non-private, non-final, nested classes annotated with @Configuration.  
24-09-20 07:58:03.944 [main] INFO  o.s.b.t.c.SpringBootTestContextBootstrapper -- Found @SpringBootConfiguration com.Badhwar.journalApp.JournalApplication for test class com.Badhwar.journalApp.Scheduler.UserSchedulerTest  
24-09-20 07:58:04.293 [main] INFO  c.B.j.Scheduler.UserSchedulerTest -- Starting UserSchedulerTest using Java 21.0.1 with PID 27780 (started by kbb91 in C:\Users\kbb91\Desktop\journalApp)  
24-09-20 07:58:04.294 [main] INFO  c.B.j.Scheduler.UserSchedulerTest -- The following 1 profile is active: "dev"  
24-09-20 07:58:04.882 [main] INFO  o.s.d.r.c.RepositoryConfigurationDelegate -- Bootstrapping Spring Data MongoDB repositories in DEFAULT mode.  
24-09-20 07:58:04.928 [main] INFO  o.s.d.r.c.RepositoryConfigurationDelegate -- Finished Spring Data repository scanning in 42 ms. Found 3 MongoDB repository interfaces.  
24-09-20 07:58:05.328 [cluster-ClusterId{value='66ed634da9b0c7252f09c42d', description='Journal'}-srv-journal.ltwg8.mongodb.net] INFO  org.mongodb.driver.cluster -- Adding discovered server journal-shard-00-02.ltwg8.mongodb.net:27017 to client view of cluster  
24-09-20 07:58:05.347 [main] INFO  org.mongodb.driver.client -- MongoClient with metadata {"application": {"name": "Journal"}, "driver": {"name": "mongo-java-driver|sync|spring-boot", "version": "4.11.3"}, "os": {"type": "Windows", "name": "Windows 11", "architecture": "amd64", "version": "10.0"}, "platform": "Java/Oracle Corporation/21.0.1+12-LTS-29"} created with settings MongoClientSettings{readPreference=primary, writeConcern=WriteConcern{w=majority, wTimeout=null ms, journal=null}, retryWrites=true, retryReads=true, readConcern=ReadConcern{level=null}, credential=MongoCredential{mechanism=null, userName='kbb914', source='admin', password=<hidden>, mechanismProperties=<hidden>}, transportSettings=null, streamFactoryFactory=null, commandListeners=[], codecRegistry=ProvidersCodecRegistry{codecProviders=[ValueCodecProvider{}, BsonValueCodecProvider{}, DBRefCodecProvider{}, DBObjectCodecProvider{}, DocumentCodecProvider{}, CollectionCodecProvider{}, IterableCodecProvider{}, MapCodecProvider{}, GeoJsonCodecProvider{}, GridFSFileCodecProvider{}, Jsr310CodecProvider{}, JsonObjectCodecProvider{}, BsonCodecProvider{}, EnumCodecProvider{}, com.mongodb.client.model.mql.ExpressionCodecProvider@172f4514, com.mongodb.Jep395RecordCodecProvider@7df6d663, com.mongodb.KotlinCodecProvider@13d019a4]}, loggerSettings=LoggerSettings{maxDocumentLength=1000}, clusterSettings={hosts=[127.0.0.1:27017], srvHost=journal.ltwg8.mongodb.net, srvServiceName=mongodb, mode=MULTIPLE, requiredClusterType=REPLICA_SET, requiredReplicaSetName='atlas-13wvc5-shard-0', serverSelector='null', clusterListeners='[]', serverSelectionTimeout='30000 ms', localThreshold='15 ms'}, socketSettings=SocketSettings{connectTimeoutMS=10000, readTimeoutMS=0, receiveBufferSize=0, proxySettings=ProxySettings{host=null, port=null, username=null, password=null}}, heartbeatSocketSettings=SocketSettings{connectTimeoutMS=10000, readTimeoutMS=10000, receiveBufferSize=0, proxySettings=ProxySettings{host=null, port=null, username=null, password=null}}, connectionPoolSettings=ConnectionPoolSettings{maxSize=100, minSize=0, maxWaitTimeMS=120000, maxConnectionLifeTimeMS=0, maxConnectionIdleTimeMS=0, maintenanceInitialDelayMS=0, maintenanceFrequencyMS=60000, connectionPoolListeners=[], maxConnecting=2}, serverSettings=ServerSettings{heartbeatFrequencyMS=10000, minHeartbeatFrequencyMS=500, serverListeners='[]', serverMonitorListeners='[]'}, sslSettings=SslSettings{enabled=true, invalidHostNameAllowed=false, context=null}, applicationName='Journal', compressorList=[], uuidRepresentation=JAVA_LEGACY, serverApi=null, autoEncryptionSettings=null, dnsClient=null, inetAddressResolver=null, contextProvider=null}  
24-09-20 07:58:05.356 [cluster-ClusterId{value='66ed634da9b0c7252f09c42d', description='Journal'}-srv-journal.ltwg8.mongodb.net] INFO  org.mongodb.driver.cluster -- Adding discovered server journal-shard-00-00.ltwg8.mongodb.net:27017 to client view of cluster  
24-09-20 07:58:05.358 [cluster-ClusterId{value='66ed634da9b0c7252f09c42d', description='Journal'}-srv-journal.ltwg8.mongodb.net] INFO  org.mongodb.driver.cluster -- Adding discovered server journal-shard-00-01.ltwg8.mongodb.net:27017 to client view of cluster  
24-09-20 07:58:05.868 [main] INFO  org.mongodb.driver.cluster -- No server chosen by WritableServerSelector from cluster description ClusterDescription{type=REPLICA_SET, connectionMode=MULTIPLE, serverDescriptions=[ServerDescription{address=journal-shard-00-02.ltwg8.mongodb.net:27017, type=UNKNOWN, state=CONNECTING}, ServerDescription{address=journal-shard-00-01.ltwg8.mongodb.net:27017, type=UNKNOWN, state=CONNECTING}, ServerDescription{address=journal-shard-00-00.ltwg8.mongodb.net:27017, type=UNKNOWN, state=CONNECTING}]}. Waiting for 30000 ms before timing out  
24-09-20 07:58:06.084 [cluster-ClusterId{value='66ed634da9b0c7252f09c42d', description='Journal'}-journal-shard-00-01.ltwg8.mongodb.net:27017] INFO  org.mongodb.driver.cluster -- Monitor thread successfully connected to server with description ServerDescription{address=journal-shard-00-01.ltwg8.mongodb.net:27017, type=REPLICA_SET_SECONDARY, state=CONNECTED, ok=true, minWireVersion=0, maxWireVersion=21, maxDocumentSize=16777216, logicalSessionTimeoutMinutes=30, roundTripTimeNanos=419934200, setName='atlas-13wvc5-shard-0', canonicalAddress=journal-shard-00-01.ltwg8.mongodb.net:27017, hosts=[journal-shard-00-02.ltwg8.mongodb.net:27017, journal-shard-00-00.ltwg8.mongodb.net:27017, journal-shard-00-01.ltwg8.mongodb.net:27017], passives=[], arbiters=[], primary='journal-shard-00-02.ltwg8.mongodb.net:27017', tagSet=TagSet{[Tag{name='availabilityZone', value='usw2-az2'}, Tag{name='diskState', value='READY'}, Tag{name='nodeType', value='ELECTABLE'}, Tag{name='provider', value='AWS'}, Tag{name='region', value='US_WEST_2'}, Tag{name='workloadType', value='OPERATIONAL'}]}, electionId=null, setVersion=15, topologyVersion=TopologyVersion{processId=66d8ef43c7e603500e446e1d, counter=3}, lastWriteDate=Fri Sep 20 07:58:06 EDT 2024, lastUpdateTimeNanos=738315486555200}  
24-09-20 07:58:06.084 [cluster-ClusterId{value='66ed634da9b0c7252f09c42d', description='Journal'}-journal-shard-00-00.ltwg8.mongodb.net:27017] INFO  org.mongodb.driver.cluster -- Monitor thread successfully connected to server with description ServerDescription{address=journal-shard-00-00.ltwg8.mongodb.net:27017, type=REPLICA_SET_SECONDARY, state=CONNECTED, ok=true, minWireVersion=0, maxWireVersion=21, maxDocumentSize=16777216, logicalSessionTimeoutMinutes=30, roundTripTimeNanos=419927700, setName='atlas-13wvc5-shard-0', canonicalAddress=journal-shard-00-00.ltwg8.mongodb.net:27017, hosts=[journal-shard-00-02.ltwg8.mongodb.net:27017, journal-shard-00-00.ltwg8.mongodb.net:27017, journal-shard-00-01.ltwg8.mongodb.net:27017], passives=[], arbiters=[], primary='journal-shard-00-02.ltwg8.mongodb.net:27017', tagSet=TagSet{[Tag{name='availabilityZone', value='usw2-az1'}, Tag{name='diskState', value='READY'}, Tag{name='nodeType', value='ELECTABLE'}, Tag{name='provider', value='AWS'}, Tag{name='region', value='US_WEST_2'}, Tag{name='workloadType', value='OPERATIONAL'}]}, electionId=null, setVersion=15, topologyVersion=TopologyVersion{processId=66d8ee1c1c32807ba6c64614, counter=4}, lastWriteDate=Fri Sep 20 07:58:06 EDT 2024, lastUpdateTimeNanos=738315486555100}  
24-09-20 07:58:06.084 [cluster-ClusterId{value='66ed634da9b0c7252f09c42d', description='Journal'}-journal-shard-00-02.ltwg8.mongodb.net:27017] INFO  org.mongodb.driver.cluster -- Monitor thread successfully connected to server with description ServerDescription{address=journal-shard-00-02.ltwg8.mongodb.net:27017, type=REPLICA_SET_PRIMARY, state=CONNECTED, ok=true, minWireVersion=0, maxWireVersion=21, maxDocumentSize=16777216, logicalSessionTimeoutMinutes=30, roundTripTimeNanos=429692800, setName='atlas-13wvc5-shard-0', canonicalAddress=journal-shard-00-02.ltwg8.mongodb.net:27017, hosts=[journal-shard-00-02.ltwg8.mongodb.net:27017, journal-shard-00-00.ltwg8.mongodb.net:27017, journal-shard-00-01.ltwg8.mongodb.net:27017], passives=[], arbiters=[], primary='journal-shard-00-02.ltwg8.mongodb.net:27017', tagSet=TagSet{[Tag{name='availabilityZone', value='usw2-az3'}, Tag{name='diskState', value='READY'}, Tag{name='nodeType', value='ELECTABLE'}, Tag{name='provider', value='AWS'}, Tag{name='region', value='US_WEST_2'}, Tag{name='workloadType', value='OPERATIONAL'}]}, electionId=7fffffff000000000000010a, setVersion=15, topologyVersion=TopologyVersion{processId=66d8ed15b24881880988d454, counter=6}, lastWriteDate=Fri Sep 20 07:58:06 EDT 2024, lastUpdateTimeNanos=738315486555100}  
24-09-20 07:58:06.086 [cluster-ClusterId{value='66ed634da9b0c7252f09c42d', description='Journal'}-journal-shard-00-02.ltwg8.mongodb.net:27017] INFO  org.mongodb.driver.cluster -- Discovered replica set primary journal-shard-00-02.ltwg8.mongodb.net:27017 with max election id 7fffffff000000000000010a and max set version 15  
24-09-20 07:58:07.304 [main] INFO  o.s.s.web.DefaultSecurityFilterChain -- Will secure any request with [org.springframework.security.web.session.DisableEncodeUrlFilter@61b8c9de, org.springframework.security.web.context.request.async.WebAsyncManagerIntegrationFilter@b34c7c9, org.springframework.security.web.context.SecurityContextHolderFilter@11c3ce6a, org.springframework.security.web.header.HeaderWriterFilter@11f3400c, org.springframework.security.web.authentication.logout.LogoutFilter@7742a276, org.springframework.security.web.authentication.www.BasicAuthenticationFilter@4cc4d454, org.springframework.security.web.savedrequest.RequestCacheAwareFilter@22899683, org.springframework.security.web.servletapi.SecurityContextHolderAwareRequestFilter@66a472b9, org.springframework.security.web.authentication.AnonymousAuthenticationFilter@5b490d5e, org.springframework.security.web.access.ExceptionTranslationFilter@7a3c99f1, org.springframework.security.web.access.intercept.AuthorizationFilter@3ba97962]  
24-09-20 07:58:07.640 [main] INFO  c.B.j.Scheduler.UserSchedulerTest -- Started UserSchedulerTest in 3.59 seconds (process running for 4.489)  
